
2014-09-27 09:51:32...installerHook: Could not find custom/install/install_hooks.php
2014-09-27 09:51:34...installerHook: Could not find custom/install/install_hooks.php
2014-09-27 09:51:38...installerHook: Could not find custom/install/install_hooks.php
2014-09-27 09:51:42...Begin System Check Process *************
2014-09-27 09:51:42...XML Parsing Support Found
2014-09-27 09:51:42...MBString Support Found
2014-09-27 09:51:42...ZIP Support Found
2014-09-27 09:51:42.../custom directory and subdirectory check passed
2014-09-27 09:51:42...cache directory and subdirectory check passed
2014-09-27 09:51:55.../module  directory and subdirectory check passed
2014-09-27 09:51:55.../upload directory check passed
2014-09-27 09:51:55.../zip check passed
2014-09-27 09:51:55...PCRE version check passed
2014-09-27 09:51:55...installerHook: Could not find custom/install/install_hooks.php
2014-09-27 09:51:55...php.ini location found. D:\wamp\bin\apache\Apache2.2.17\bin\php.ini
2014-09-27 09:51:55...Outputting HTML for System check
2014-09-27 09:51:55...No Errors were found *************
2014-09-27 09:51:59...installerHook: Could not find custom/install/install_hooks.php
2014-09-27 09:52:02...installerHook: Could not find custom/install/install_hooks.php
2014-09-27 09:52:05...installerHook: Could not find custom/install/install_hooks.php
2014-09-27 09:52:20...Begin DB Check Process *************
2014-09-27 09:52:20...testing with mysql:mysqli
2014-09-27 09:52:20...Basic form info is valid, continuing Process.
2014-09-27 09:52:20...Testing user account...
2014-09-27 09:52:20...Connection made using  host: localhost, usr: root
2014-09-27 09:52:20...Testing priviliged account...
2014-09-27 09:52:20...Connection made using  host: localhost, usr: root
2014-09-27 09:52:20...ERROR:: The provided Database Name already exists.  You can<br>1.  hit the back button and choose a new database name <br>2.  click next and continue but all existing tables on this database will be dropped.  <strong>This means your tables and data will be blown away.</strong>
2014-09-27 09:52:20...Passed DB install check
2014-09-27 09:52:20...WARNING:: no errors detected, but DB tables will be dropped!, issuing warning to user
2014-09-27 09:52:20...End DB Check Process *************
2014-09-27 09:52:22...installerHook: Could not find custom/install/install_hooks.php
2014-09-27 09:52:30...installerHook: Could not find custom/install/install_hooks.php
2014-09-27 09:52:33...installerHook: Could not find custom/install/install_hooks.php
2014-09-27 09:52:39...installerHook: Could not find custom/install/install_hooks.php
2014-09-27 09:52:44...Begin DB Check Process *************
2014-09-27 09:52:44...testing with mysql:mysqli
2014-09-27 09:52:44...Basic form info is valid, continuing Process.
2014-09-27 09:52:44...Testing user account...
2014-09-27 09:52:44...Connection made using  host: localhost, usr: root
2014-09-27 09:52:44...Testing priviliged account...
2014-09-27 09:52:44...Connection made using  host: localhost, usr: root
2014-09-27 09:52:44...DB not selected, will create sugarcrm1
2014-09-27 09:52:44...Passed DB install check
2014-09-27 09:52:44...SUCCESS:: no errors detected!
2014-09-27 09:52:44...End DB Check Process *************
2014-09-27 09:52:45...installerHook: Could not find custom/install/install_hooks.php
2014-09-27 09:52:48...installerHook: Could not find custom/install/install_hooks.php
2014-09-27 09:52:55...installerHook: Could not find custom/install/install_hooks.php
2014-09-27 09:52:57...installerHook: Could not find custom/install/install_hooks.php
2014-09-27 09:52:57...calling handleSugarConfig()
2014-09-27 09:52:57...calling handleLog4Php()
2014-09-27 09:52:57...calling handleHtaccess()
2014-09-27 09:52:57...calling handleDbCreateDatabase()
2014-09-27 09:52:57...looping through all the Beans and create their tables
2014-09-27 09:52:57...processing table acl_actions
2014-09-27 09:52:58...creating table acl_actions
2014-09-27 09:52:58...creating Relationship Meta for ACLAction
2014-09-27 09:52:58...processing table acl_roles
2014-09-27 09:52:58...creating table acl_roles
2014-09-27 09:52:58...creating Relationship Meta for ACLRole
2014-09-27 09:52:58...processing table relationships
2014-09-27 09:52:58...creating table relationships
2014-09-27 09:52:58...creating Relationship Meta for Relationship
2014-09-27 09:52:58...processing table leads
2014-09-27 09:52:59...creating table leads
2014-09-27 09:52:59...creating Relationship Meta for Lead
2014-09-27 09:53:01...processing table cases
2014-09-27 09:53:01...creating table cases
2014-09-27 09:53:01...creating Relationship Meta for Case
2014-09-27 09:53:02...processing table bugs
2014-09-27 09:53:03...creating table bugs
2014-09-27 09:53:03...creating Relationship Meta for Bug
2014-09-27 09:53:03...processing table users
2014-09-27 09:53:04...creating table users
2014-09-27 09:53:04...creating Relationship Meta for User
2014-09-27 09:53:04...processing table campaign_log
2014-09-27 09:53:05...creating table campaign_log
2014-09-27 09:53:05...creating Relationship Meta for CampaignLog
2014-09-27 09:53:06...processing table project
2014-09-27 09:53:07...creating table project
2014-09-27 09:53:07...creating Relationship Meta for Project
2014-09-27 09:53:09...processing table project_task
2014-09-27 09:53:10...creating table project_task
2014-09-27 09:53:10...creating Relationship Meta for ProjectTask
2014-09-27 09:53:11...processing table campaigns
2014-09-27 09:53:11...creating table campaigns
2014-09-27 09:53:11...creating Relationship Meta for Campaign
2014-09-27 09:53:12...processing table prospect_lists
2014-09-27 09:53:13...creating table prospect_lists
2014-09-27 09:53:13...creating Relationship Meta for ProspectList
2014-09-27 09:53:13...processing table prospects
2014-09-27 09:53:13...creating table prospects
2014-09-27 09:53:13...creating Relationship Meta for Prospect
2014-09-27 09:53:14...processing table email_marketing
2014-09-27 09:53:14...creating table email_marketing
2014-09-27 09:53:14...creating Relationship Meta for EmailMarketing
2014-09-27 09:53:15...processing table campaign_trkrs
2014-09-27 09:53:15...creating table campaign_trkrs
2014-09-27 09:53:15...creating Relationship Meta for CampaignTracker
2014-09-27 09:53:15...processing table releases
2014-09-27 09:53:15...creating table releases
2014-09-27 09:53:15...creating Relationship Meta for Release
2014-09-27 09:53:15...processing table emailman
2014-09-27 09:53:15...creating table emailman
2014-09-27 09:53:15...creating Relationship Meta for EmailMan
2014-09-27 09:53:15...processing table schedulers
2014-09-27 09:53:15...creating table schedulers
2014-09-27 09:53:15...creating Relationship Meta for Scheduler
2014-09-27 09:53:15...processing table job_queue
2014-09-27 09:53:15...creating table job_queue
2014-09-27 09:53:15...creating Relationship Meta for SchedulersJob
2014-09-27 09:53:16...processing table contacts
2014-09-27 09:53:16...creating table contacts
2014-09-27 09:53:16...creating Relationship Meta for Contact
2014-09-27 09:53:17...processing table accounts
2014-09-27 09:53:18...creating table accounts
2014-09-27 09:53:18...creating Relationship Meta for Account
2014-09-27 09:53:19...processing table opportunities
2014-09-27 09:53:21...creating table opportunities
2014-09-27 09:53:21...creating Relationship Meta for Opportunity
2014-09-27 09:53:22...processing table email_templates
2014-09-27 09:53:23...creating table email_templates
2014-09-27 09:53:23...creating Relationship Meta for EmailTemplate
2014-09-27 09:53:23...processing table notes
2014-09-27 09:53:24...creating table notes
2014-09-27 09:53:24...creating Relationship Meta for Note
2014-09-27 09:53:24...processing table calls
2014-09-27 09:53:25...creating table calls
2014-09-27 09:53:25...creating Relationship Meta for Call
2014-09-27 09:53:25...processing table emails
2014-09-27 09:53:26...creating table emails
2014-09-27 09:53:26...creating Relationship Meta for Email
2014-09-27 09:53:27...processing table meetings
2014-09-27 09:53:27...creating table meetings
2014-09-27 09:53:27...creating Relationship Meta for Meeting
2014-09-27 09:53:28...processing table tasks
2014-09-27 09:53:28...creating table tasks
2014-09-27 09:53:28...creating Relationship Meta for Task
2014-09-27 09:53:29...processing table users
2014-09-27 09:53:29...processing table users
2014-09-27 09:53:29...processing table currencies
2014-09-27 09:53:29...creating table currencies
2014-09-27 09:53:29...creating Relationship Meta for Currency
2014-09-27 09:53:29...processing table tracker
2014-09-27 09:53:29...creating table tracker
2014-09-27 09:53:29...creating Relationship Meta for Tracker
2014-09-27 09:53:29...processing table import_maps
2014-09-27 09:53:29...creating table import_maps
2014-09-27 09:53:29...creating Relationship Meta for ImportMap
2014-09-27 09:53:29...processing table users_last_import
2014-09-27 09:53:29...creating table users_last_import
2014-09-27 09:53:29...creating Relationship Meta for UsersLastImport
2014-09-27 09:53:29...processing table config
2014-09-27 09:53:30...creating table config
2014-09-27 09:53:30...creating Relationship Meta for Administration
2014-09-27 09:53:30...processing table upgrade_history
2014-09-27 09:53:30...creating table upgrade_history
2014-09-27 09:53:30...creating Relationship Meta for UpgradeHistory
2014-09-27 09:53:30...processing table vcals
2014-09-27 09:53:30...creating table vcals
2014-09-27 09:53:30...creating Relationship Meta for vCal
2014-09-27 09:53:30...processing table versions
2014-09-27 09:53:30...creating table versions
2014-09-27 09:53:30...creating Relationship Meta for Version
2014-09-27 09:53:30...processing table roles
2014-09-27 09:53:30...creating table roles
2014-09-27 09:53:30...creating Relationship Meta for Role
2014-09-27 09:53:30...processing table documents
2014-09-27 09:53:31...creating table documents
2014-09-27 09:53:31...creating Relationship Meta for Document
2014-09-27 09:53:31...processing table document_revisions
2014-09-27 09:53:31...creating table document_revisions
2014-09-27 09:53:31...creating Relationship Meta for DocumentRevision
2014-09-27 09:53:32...processing table fields_meta_data
2014-09-27 09:53:32...creating table fields_meta_data
2014-09-27 09:53:32...creating Relationship Meta for FieldsMetaData
2014-09-27 09:53:32...processing table inbound_email
2014-09-27 09:53:32...creating table inbound_email
2014-09-27 09:53:32...creating Relationship Meta for InboundEmail
2014-09-27 09:53:33...processing table saved_search
2014-09-27 09:53:33...creating table saved_search
2014-09-27 09:53:33...creating Relationship Meta for SavedSearch
2014-09-27 09:53:33...processing table user_preferences
2014-09-27 09:53:33...creating table user_preferences
2014-09-27 09:53:33...creating Relationship Meta for UserPreference
2014-09-27 09:53:33...processing table 
2014-09-27 09:53:33...processing table email_addresses
2014-09-27 09:53:33...creating table email_addresses
2014-09-27 09:53:33...creating Relationship Meta for EmailAddress
2014-09-27 09:53:33...processing table emails_text
2014-09-27 09:53:33...creating table emails_text
2014-09-27 09:53:33...creating Relationship Meta for EmailText
2014-09-27 09:53:33...processing table sugarfeed
2014-09-27 09:53:33...creating table sugarfeed
2014-09-27 09:53:33...creating Relationship Meta for SugarFeed
2014-09-27 09:53:34...processing table eapm
2014-09-27 09:53:34...creating table eapm
2014-09-27 09:53:34...creating Relationship Meta for EAPM
2014-09-27 09:53:35...processing table oauth_consumer
2014-09-27 09:53:35...creating table oauth_consumer
2014-09-27 09:53:35...creating Relationship Meta for OAuthKey
2014-09-27 09:53:35...processing table oauth_tokens
2014-09-27 09:53:35...creating table oauth_tokens
2014-09-27 09:53:35...creating Relationship Meta for OAuthToken
2014-09-27 09:53:47...Begin creating Defaults
2014-09-27 09:53:47...insert defaults into config table
2014-09-27 09:53:48...Creating default users
2014-09-27 09:53:48...Creating default scheduler jobs
2014-09-27 09:53:49...Enable SugarFeeds
2014-09-27 09:53:49...Enable InsideView Connector
2014-09-27 09:53:49...Creating FTS logic hook
2014-09-27 09:53:49...populating the db with seed data
2014-09-27 09:53:50...Installation has completed *********
2014-09-27 09:54:08...installerHook: Could not find custom/install/install_hooks.php
2014-09-27 09:54:28...installerHook: Could not find custom/install/install_hooks.php